<?xml version="1.0" encoding="UTF-8"?>
<testng-results skipped="0" failed="0" total="1" passed="1">
  <reporter-output>
  </reporter-output>
  <suite name="Default suite" duration-ms="17025" started-at="2019-07-25T11:10:01Z" finished-at="2019-07-25T11:10:18Z">
    <groups>
    </groups>
    <test name="Default test" duration-ms="17025" started-at="2019-07-25T11:10:01Z" finished-at="2019-07-25T11:10:18Z">
      <class name="com.qait.hris.TestHomePage">
        <test-method status="PASS" signature="verifyTitle()[pri:0, instance:com.qait.hris.TestHomePage@14acaea5]" name="verifyTitle" duration-ms="17010" started-at="2019-07-25T16:40:01Z" finished-at="2019-07-25T16:40:18Z">
          <reporter-output>
          </reporter-output>
        </test-method> <!-- verifyTitle -->
      </class> <!-- com.qait.hris.TestHomePage -->
    </test> <!-- Default test -->
  </suite> <!-- Default suite -->
</testng-results>
